nohup: ignoring input
====================================================================================================
BEGIN
====================================================================================================
 Iter: 5 | LR: 0.00784 | Eps: 16
++++++++++++++++++++++++++++++++++++++++!SOTA PERFORMANCE!++++++++++++++++++++++++++++++++++++++++
Target Score: 0.125
No-Target Score: 44.375
##################################################
 Iter: 5 | LR: 0.00784 | Eps: 32
Target Score: 0.125
No-Target Score: 43.3125
##################################################
 Iter: 5 | LR: 0.00784 | Eps: 48
Target Score: 0.125
No-Target Score: 42.833333333333336
##################################################
 Iter: 5 | LR: 0.00784 | Eps: 64
++++++++++++++++++++++++++++++++++++++++!SOTA PERFORMANCE!++++++++++++++++++++++++++++++++++++++++
Target Score: 0.15625
No-Target Score: 42.5625
##################################################
 Iter: 5 | LR: 0.00784 | Eps: 80
Target Score: 0.15
No-Target Score: 42.625
##################################################
 Iter: 5 | LR: 0.00784 | Eps: 96
Target Score: 0.14583333333333334
No-Target Score: 42.45833333333333
##################################################
 Iter: 5 | LR: 0.00784 | Eps: 112
++++++++++++++++++++++++++++++++++++++++!SOTA PERFORMANCE!++++++++++++++++++++++++++++++++++++++++
Target Score: 0.1607142857142857
No-Target Score: 42.285714285714285
##################################################
 Iter: 5 | LR: 0.01961 | Eps: 16
Target Score: 0.15625
No-Target Score: 44.03125
##################################################
 Iter: 5 | LR: 0.01961 | Eps: 32
++++++++++++++++++++++++++++++++++++++++!SOTA PERFORMANCE!++++++++++++++++++++++++++++++++++++++++
Target Score: 0.19444444444444445
No-Target Score: 46.80555555555556
##################################################
 Iter: 5 | LR: 0.01961 | Eps: 48
++++++++++++++++++++++++++++++++++++++++!SOTA PERFORMANCE!++++++++++++++++++++++++++++++++++++++++
Target Score: 0.2375
No-Target Score: 48.8375
##################################################
 Iter: 5 | LR: 0.01961 | Eps: 64
++++++++++++++++++++++++++++++++++++++++!SOTA PERFORMANCE!++++++++++++++++++++++++++++++++++++++++
Target Score: 0.26136363636363635
No-Target Score: 50.73863636363637
##################################################
 Iter: 5 | LR: 0.01961 | Eps: 80
++++++++++++++++++++++++++++++++++++++++!SOTA PERFORMANCE!++++++++++++++++++++++++++++++++++++++++
Target Score: 0.3020833333333333
No-Target Score: 52.35416666666667
##################################################
 Iter: 5 | LR: 0.01961 | Eps: 96
++++++++++++++++++++++++++++++++++++++++!SOTA PERFORMANCE!++++++++++++++++++++++++++++++++++++++++
Target Score: 0.34615384615384615
No-Target Score: 53.82692307692307
##################################################
 Iter: 5 | LR: 0.01961 | Eps: 112
++++++++++++++++++++++++++++++++++++++++!SOTA PERFORMANCE!++++++++++++++++++++++++++++++++++++++++
Target Score: 0.3482142857142857
No-Target Score: 54.982142857142854
##################################################
 Iter: 5 | LR: 0.03922 | Eps: 16
Target Score: 0.3416666666666667
No-Target Score: 55.05
##################################################
 Iter: 5 | LR: 0.03922 | Eps: 32
++++++++++++++++++++++++++++++++++++++++!SOTA PERFORMANCE!++++++++++++++++++++++++++++++++++++++++
Target Score: 0.375
No-Target Score: 56.56250000000001
##################################################
 Iter: 5 | LR: 0.03922 | Eps: 48
++++++++++++++++++++++++++++++++++++++++!SOTA PERFORMANCE!++++++++++++++++++++++++++++++++++++++++
Target Score: 0.45588235294117646
No-Target Score: 58.43382352941177
##################################################
 Iter: 5 | LR: 0.03922 | Eps: 64
++++++++++++++++++++++++++++++++++++++++!SOTA PERFORMANCE!++++++++++++++++++++++++++++++++++++++++
Target Score: 0.513888888888889
No-Target Score: 60.14583333333333
##################################################
 Iter: 5 | LR: 0.03922 | Eps: 80
++++++++++++++++++++++++++++++++++++++++!SOTA PERFORMANCE!++++++++++++++++++++++++++++++++++++++++
Target Score: 0.6118421052631579
No-Target Score: 61.73684210526316
##################################################
 Iter: 5 | LR: 0.03922 | Eps: 96
++++++++++++++++++++++++++++++++++++++++!SOTA PERFORMANCE!++++++++++++++++++++++++++++++++++++++++
Target Score: 0.6375
No-Target Score: 63.224999999999994
##################################################
 Iter: 5 | LR: 0.03922 | Eps: 112
++++++++++++++++++++++++++++++++++++++++!SOTA PERFORMANCE!++++++++++++++++++++++++++++++++++++++++
Target Score: 0.6488095238095238
No-Target Score: 64.45833333333333
##################################################
 Iter: 5 | LR: 0.09804 | Eps: 16
Target Score: 0.625
No-Target Score: 64.05681818181819
##################################################
 Iter: 5 | LR: 0.09804 | Eps: 32
Target Score: 0.6358695652173914
No-Target Score: 64.8695652173913
##################################################
 Iter: 5 | LR: 0.09804 | Eps: 48
++++++++++++++++++++++++++++++++++++++++!SOTA PERFORMANCE!++++++++++++++++++++++++++++++++++++++++
Target Score: 0.6666666666666667
No-Target Score: 65.97916666666667
##################################################
 Iter: 5 | LR: 0.09804 | Eps: 64
++++++++++++++++++++++++++++++++++++++++!SOTA PERFORMANCE!++++++++++++++++++++++++++++++++++++++++
Target Score: 0.685
No-Target Score: 67.18499999999999
##################################################
 Iter: 5 | LR: 0.09804 | Eps: 80
++++++++++++++++++++++++++++++++++++++++!SOTA PERFORMANCE!++++++++++++++++++++++++++++++++++++++++
Target Score: 0.7067307692307692
No-Target Score: 68.34134615384615
##################################################
 Iter: 5 | LR: 0.09804 | Eps: 96
++++++++++++++++++++++++++++++++++++++++!SOTA PERFORMANCE!++++++++++++++++++++++++++++++++++++++++
Target Score: 0.7268518518518519
No-Target Score: 69.44444444444444
##################################################
 Iter: 5 | LR: 0.09804 | Eps: 112
++++++++++++++++++++++++++++++++++++++++!SOTA PERFORMANCE!++++++++++++++++++++++++++++++++++++++++
Target Score: 0.7276785714285714
No-Target Score: 70.49553571428572
##################################################
 Iter: 5 | LR: 0.19608 | Eps: 16
++++++++++++++++++++++++++++++++++++++++!SOTA PERFORMANCE!++++++++++++++++++++++++++++++++++++++++
Target Score: 0.728448275862069
No-Target Score: 70.09913793103448
##################################################
 Iter: 5 | LR: 0.19608 | Eps: 32
++++++++++++++++++++++++++++++++++++++++!SOTA PERFORMANCE!++++++++++++++++++++++++++++++++++++++++
Target Score: 0.7333333333333333
No-Target Score: 70.50833333333333
##################################################
 Iter: 5 | LR: 0.19608 | Eps: 48
++++++++++++++++++++++++++++++++++++++++!SOTA PERFORMANCE!++++++++++++++++++++++++++++++++++++++++
Target Score: 0.7661290322580645
No-Target Score: 71.22983870967742
##################################################
 Iter: 5 | LR: 0.19608 | Eps: 64
++++++++++++++++++++++++++++++++++++++++!SOTA PERFORMANCE!++++++++++++++++++++++++++++++++++++++++
Target Score: 0.7734375
No-Target Score: 72.02734375
##################################################
 Iter: 5 | LR: 0.19608 | Eps: 80
Target Score: 0.7613636363636364
No-Target Score: 72.82575757575758
##################################################
 Iter: 5 | LR: 0.19608 | Eps: 96
Target Score: 0.7463235294117647
No-Target Score: 73.60661764705883
##################################################
 Iter: 5 | LR: 0.19608 | Eps: 112
Target Score: 0.7392857142857143
No-Target Score: 74.34285714285714
##################################################
 Iter: 5 | LR: 0.39216 | Eps: 16
Target Score: 0.7291666666666666
No-Target Score: 73.86111111111111
##################################################
 Iter: 5 | LR: 0.39216 | Eps: 32
Target Score: 0.7466216216216216
No-Target Score: 74.11486486486486
##################################################
 Iter: 5 | LR: 0.39216 | Eps: 48
Target Score: 0.7532894736842105
No-Target Score: 74.63486842105263
##################################################
 Iter: 5 | LR: 0.39216 | Eps: 64
Target Score: 0.75
No-Target Score: 75.22115384615384
##################################################
 Iter: 5 | LR: 0.39216 | Eps: 80
Target Score: 0.746875
No-Target Score: 75.80624999999999
##################################################
 Iter: 5 | LR: 0.39216 | Eps: 96
Target Score: 0.7317073170731708
No-Target Score: 76.375
##################################################
 Iter: 5 | LR: 0.39216 | Eps: 112
Target Score: 0.7202380952380952
No-Target Score: 76.92559523809524
##################################################
 Iter: 25 | LR: 0.00784 | Eps: 16
Target Score: 0.7093023255813954
No-Target Score: 76.59593023255815
##################################################
 Iter: 25 | LR: 0.00784 | Eps: 32
Target Score: 0.7272727272727273
No-Target Score: 76.66193181818181
##################################################
 Iter: 25 | LR: 0.00784 | Eps: 48
Target Score: 0.7666666666666666
No-Target Score: 76.93055555555556
##################################################
 Iter: 25 | LR: 0.00784 | Eps: 64
++++++++++++++++++++++++++++++++++++++++!SOTA PERFORMANCE!++++++++++++++++++++++++++++++++++++++++
Target Score: 0.8070652173913043
No-Target Score: 77.17934782608695
##################################################
 Iter: 25 | LR: 0.00784 | Eps: 80
++++++++++++++++++++++++++++++++++++++++!SOTA PERFORMANCE!++++++++++++++++++++++++++++++++++++++++
Target Score: 0.8351063829787234
No-Target Score: 77.41489361702128
##################################################
 Iter: 25 | LR: 0.00784 | Eps: 96
++++++++++++++++++++++++++++++++++++++++!SOTA PERFORMANCE!++++++++++++++++++++++++++++++++++++++++
Target Score: 0.8697916666666666
No-Target Score: 77.640625
##################################################
 Iter: 25 | LR: 0.00784 | Eps: 112
++++++++++++++++++++++++++++++++++++++++!SOTA PERFORMANCE!++++++++++++++++++++++++++++++++++++++++
Target Score: 0.913265306122449
No-Target Score: 77.88265306122449
##################################################
 Iter: 25 | LR: 0.01961 | Eps: 16
Target Score: 0.9075
No-Target Score: 77.6375
##################################################
 Iter: 25 | LR: 0.01961 | Eps: 32
++++++++++++++++++++++++++++++++++++++++!SOTA PERFORMANCE!++++++++++++++++++++++++++++++++++++++++
Target Score: 0.9313725490196079
No-Target Score: 77.75245098039215
##################################################
 Iter: 25 | LR: 0.01961 | Eps: 48
++++++++++++++++++++++++++++++++++++++++!SOTA PERFORMANCE!++++++++++++++++++++++++++++++++++++++++
Target Score: 0.9615384615384616
No-Target Score: 78.01923076923077
##################################################
 Iter: 25 | LR: 0.01961 | Eps: 64
++++++++++++++++++++++++++++++++++++++++!SOTA PERFORMANCE!++++++++++++++++++++++++++++++++++++++++
Target Score: 1.0023584905660377
No-Target Score: 78.33490566037736
##################################################
 Iter: 25 | LR: 0.01961 | Eps: 80
++++++++++++++++++++++++++++++++++++++++!SOTA PERFORMANCE!++++++++++++++++++++++++++++++++++++++++
Target Score: 1.0416666666666665
No-Target Score: 78.67361111111111
##################################################
 Iter: 25 | LR: 0.01961 | Eps: 96
++++++++++++++++++++++++++++++++++++++++!SOTA PERFORMANCE!++++++++++++++++++++++++++++++++++++++++
Target Score: 1.0522727272727272
No-Target Score: 79.02045454545454
##################################################
 Iter: 25 | LR: 0.01961 | Eps: 112
++++++++++++++++++++++++++++++++++++++++!SOTA PERFORMANCE!++++++++++++++++++++++++++++++++++++++++
Target Score: 1.0625
No-Target Score: 79.37276785714286
##################################################
 Iter: 25 | LR: 0.03922 | Eps: 16
Target Score: 1.0460526315789473
No-Target Score: 79.16885964912281
##################################################
 Iter: 25 | LR: 0.03922 | Eps: 32
Target Score: 1.0538793103448276
No-Target Score: 79.27586206896552
##################################################
 Iter: 25 | LR: 0.03922 | Eps: 48
++++++++++++++++++++++++++++++++++++++++!SOTA PERFORMANCE!++++++++++++++++++++++++++++++++++++++++
Target Score: 1.0741525423728815
No-Target Score: 79.51059322033899
##################################################
 Iter: 25 | LR: 0.03922 | Eps: 64
++++++++++++++++++++++++++++++++++++++++!SOTA PERFORMANCE!++++++++++++++++++++++++++++++++++++++++
Target Score: 1.0979166666666667
No-Target Score: 79.79375
##################################################
 Iter: 25 | LR: 0.03922 | Eps: 80
++++++++++++++++++++++++++++++++++++++++!SOTA PERFORMANCE!++++++++++++++++++++++++++++++++++++++++
Target Score: 1.1024590163934427
No-Target Score: 80.09836065573771
##################################################
 Iter: 25 | LR: 0.03922 | Eps: 96
++++++++++++++++++++++++++++++++++++++++!SOTA PERFORMANCE!++++++++++++++++++++++++++++++++++++++++
Target Score: 1.1129032258064517
No-Target Score: 80.39919354838709
##################################################
 Iter: 25 | LR: 0.03922 | Eps: 112
Target Score: 1.1031746031746033
No-Target Score: 80.69642857142857
##################################################
 Iter: 25 | LR: 0.09804 | Eps: 16
Target Score: 1.091796875
No-Target Score: 80.501953125
##################################################
 Iter: 25 | LR: 0.09804 | Eps: 32
Target Score: 1.0826923076923078
No-Target Score: 80.60961538461538
##################################################
 Iter: 25 | LR: 0.09804 | Eps: 48
Target Score: 1.0871212121212122
No-Target Score: 80.82386363636364
##################################################
 Iter: 25 | LR: 0.09804 | Eps: 64
Target Score: 1.0970149253731343
No-Target Score: 81.07276119402985
##################################################
 Iter: 25 | LR: 0.09804 | Eps: 80
Target Score: 1.0919117647058825
No-Target Score: 81.32904411764706
##################################################
 Iter: 25 | LR: 0.09804 | Eps: 96
Target Score: 1.0869565217391304
No-Target Score: 81.59239130434783
##################################################
 Iter: 25 | LR: 0.09804 | Eps: 112
Target Score: 1.0785714285714285
No-Target Score: 81.85
##################################################
 Iter: 25 | LR: 0.19608 | Eps: 16
Target Score: 1.068661971830986
No-Target Score: 81.66373239436619
##################################################
 Iter: 25 | LR: 0.19608 | Eps: 32
Target Score: 1.065972222222222
No-Target Score: 81.75694444444444
##################################################
 Iter: 25 | LR: 0.19608 | Eps: 48
Target Score: 1.0633561643835616
No-Target Score: 81.94520547945206
##################################################
 Iter: 25 | LR: 0.19608 | Eps: 64
Target Score: 1.0608108108108107
No-Target Score: 82.16891891891892
##################################################
 Iter: 25 | LR: 0.19608 | Eps: 80
Target Score: 1.0566666666666666
No-Target Score: 82.395
##################################################
 Iter: 25 | LR: 0.19608 | Eps: 96
Target Score: 1.044407894736842
No-Target Score: 82.61842105263158
##################################################
 Iter: 25 | LR: 0.19608 | Eps: 112
Target Score: 1.0340909090909092
No-Target Score: 82.83928571428572
##################################################
 Iter: 25 | LR: 0.39216 | Eps: 16
Target Score: 1.0240384615384615
No-Target Score: 82.66666666666667
##################################################
 Iter: 25 | LR: 0.39216 | Eps: 32
Target Score: 1.0253164556962024
No-Target Score: 82.7373417721519
##################################################
 Iter: 25 | LR: 0.39216 | Eps: 48
Target Score: 1.03125
No-Target Score: 82.903125
##################################################
 Iter: 25 | LR: 0.39216 | Eps: 64
Target Score: 1.027777777777778
No-Target Score: 83.08333333333333
##################################################
 Iter: 25 | LR: 0.39216 | Eps: 80
Target Score: 1.0213414634146343
No-Target Score: 83.27896341463415
##################################################
 Iter: 25 | LR: 0.39216 | Eps: 96
Target Score: 1.0135542168674698
No-Target Score: 83.47590361445783
##################################################
 Iter: 25 | LR: 0.39216 | Eps: 112
Target Score: 1.0044642857142858
No-Target Score: 83.66964285714286
##################################################
 Iter: 50 | LR: 0.00784 | Eps: 16
Target Score: 0.9985294117647059
No-Target Score: 83.57794117647059
##################################################
 Iter: 50 | LR: 0.00784 | Eps: 32
Target Score: 0.9985465116279071
No-Target Score: 83.58575581395348
##################################################
 Iter: 50 | LR: 0.00784 | Eps: 48
Target Score: 1.0186781609195403
No-Target Score: 83.68103448275862
##################################################
 Iter: 50 | LR: 0.00784 | Eps: 64
Target Score: 1.044034090909091
No-Target Score: 83.80681818181817
##################################################
 Iter: 50 | LR: 0.00784 | Eps: 80
Target Score: 1.0688202247191012
No-Target Score: 83.95224719101122
##################################################
 Iter: 50 | LR: 0.00784 | Eps: 96
Target Score: 1.0944444444444443
No-Target Score: 84.08888888888889
##################################################
 Iter: 50 | LR: 0.00784 | Eps: 112
++++++++++++++++++++++++++++++++++++++++!SOTA PERFORMANCE!++++++++++++++++++++++++++++++++++++++++
Target Score: 1.1153846153846154
No-Target Score: 84.22115384615385
##################################################
 Iter: 50 | LR: 0.01961 | Eps: 16
Target Score: 1.1059782608695652
No-Target Score: 84.14130434782608
##################################################
 Iter: 50 | LR: 0.01961 | Eps: 32
Target Score: 1.1061827956989247
No-Target Score: 84.18682795698925
##################################################
 Iter: 50 | LR: 0.01961 | Eps: 48
Target Score: 1.1090425531914894
No-Target Score: 84.29654255319149
##################################################
 Iter: 50 | LR: 0.01961 | Eps: 64
++++++++++++++++++++++++++++++++++++++++!SOTA PERFORMANCE!++++++++++++++++++++++++++++++++++++++++
Target Score: 1.118421052631579
No-Target Score: 84.425
##################################################
 Iter: 50 | LR: 0.01961 | Eps: 80
++++++++++++++++++++++++++++++++++++++++!SOTA PERFORMANCE!++++++++++++++++++++++++++++++++++++++++
Target Score: 1.1197916666666667
No-Target Score: 84.56901041666667
##################################################
 Iter: 50 | LR: 0.01961 | Eps: 96
++++++++++++++++++++++++++++++++++++++++!SOTA PERFORMANCE!++++++++++++++++++++++++++++++++++++++++
Target Score: 1.1288659793814433
No-Target Score: 84.71778350515464
##################################################
 Iter: 50 | LR: 0.01961 | Eps: 112
++++++++++++++++++++++++++++++++++++++++!SOTA PERFORMANCE!++++++++++++++++++++++++++++++++++++++++
Target Score: 1.1313775510204083
No-Target Score: 84.86224489795919
##################################################
 Iter: 50 | LR: 0.03922 | Eps: 16
Target Score: 1.1224747474747474
No-Target Score: 84.80555555555556
##################################################
 Iter: 50 | LR: 0.03922 | Eps: 32
Target Score: 1.1225
No-Target Score: 84.8425
##################################################
 Iter: 50 | LR: 0.03922 | Eps: 48
Target Score: 1.1262376237623761
No-Target Score: 84.9368811881188
##################################################
 Iter: 50 | LR: 0.03922 | Eps: 64
++++++++++++++++++++++++++++++++++++++++!SOTA PERFORMANCE!++++++++++++++++++++++++++++++++++++++++
Target Score: 1.133578431372549
No-Target Score: 85.06495098039217
##################################################
 Iter: 50 | LR: 0.03922 | Eps: 80
++++++++++++++++++++++++++++++++++++++++!SOTA PERFORMANCE!++++++++++++++++++++++++++++++++++++++++
Target Score: 1.1347087378640777
No-Target Score: 85.19417475728154
##################################################
 Iter: 50 | LR: 0.03922 | Eps: 96
Target Score: 1.1310096153846154
No-Target Score: 85.32451923076924
##################################################
 Iter: 50 | LR: 0.03922 | Eps: 112
Target Score: 1.125
No-Target Score: 85.46071428571429
##################################################
 Iter: 50 | LR: 0.09804 | Eps: 16
Target Score: 1.1155660377358492
No-Target Score: 85.39150943396227
##################################################
 Iter: 50 | LR: 0.09804 | Eps: 32
Target Score: 1.1121495327102804
No-Target Score: 85.44742990654206
##################################################
 Iter: 50 | LR: 0.09804 | Eps: 48
Target Score: 1.1122685185185186
No-Target Score: 85.54976851851852
##################################################
 Iter: 50 | LR: 0.09804 | Eps: 64
Target Score: 1.1123853211009176
No-Target Score: 85.65711009174312
##################################################
 Iter: 50 | LR: 0.09804 | Eps: 80
Target Score: 1.1113636363636363
No-Target Score: 85.7784090909091
##################################################
 Iter: 50 | LR: 0.09804 | Eps: 96
Target Score: 1.1058558558558558
No-Target Score: 85.90315315315316
##################################################
 Iter: 50 | LR: 0.09804 | Eps: 112
Target Score: 1.0993303571428572
No-Target Score: 86.02678571428571
##################################################
 Iter: 50 | LR: 0.19608 | Eps: 16
Target Score: 1.095132743362832
No-Target Score: 85.96570796460176
##################################################
 Iter: 50 | LR: 0.19608 | Eps: 32
Target Score: 1.0986842105263157
No-Target Score: 86.01535087719299
##################################################
 Iter: 50 | LR: 0.19608 | Eps: 48
Target Score: 1.0999999999999999
No-Target Score: 86.10652173913044
##################################################
 Iter: 50 | LR: 0.19608 | Eps: 64
Target Score: 1.0991379310344827
No-Target Score: 86.21012931034483
##################################################
 Iter: 50 | LR: 0.19608 | Eps: 80
Target Score: 1.0897435897435896
No-Target Score: 86.32264957264957
##################################################
 Iter: 50 | LR: 0.19608 | Eps: 96
Target Score: 1.083686440677966
No-Target Score: 86.4364406779661
##################################################
 Iter: 50 | LR: 0.19608 | Eps: 112
Target Score: 1.0766806722689075
No-Target Score: 86.54726890756302
##################################################
 Iter: 50 | LR: 0.39216 | Eps: 16
Target Score: 1.0697916666666667
No-Target Score: 86.471875
##################################################
 Iter: 50 | LR: 0.39216 | Eps: 32
Target Score: 1.0723140495867767
No-Target Score: 86.51342975206612
##################################################
 Iter: 50 | LR: 0.39216 | Eps: 48
Target Score: 1.0747950819672132
No-Target Score: 86.59836065573771
##################################################
 Iter: 50 | LR: 0.39216 | Eps: 64
Target Score: 1.0701219512195124
No-Target Score: 86.6951219512195
##################################################
 Iter: 50 | LR: 0.39216 | Eps: 80
Target Score: 1.0665322580645162
No-Target Score: 86.79737903225806
##################################################
 Iter: 50 | LR: 0.39216 | Eps: 96
Target Score: 1.06
No-Target Score: 86.9
##################################################
 Iter: 50 | LR: 0.39216 | Eps: 112
Target Score: 1.054563492063492
No-Target Score: 87.00198412698413
##################################################
 Iter: 100 | LR: 0.00784 | Eps: 16
Target Score: 1.0492125984251968
No-Target Score: 87.01771653543308
##################################################
 Iter: 100 | LR: 0.00784 | Eps: 32
Target Score: 1.05078125
No-Target Score: 87.06640625
##################################################
 Iter: 100 | LR: 0.00784 | Eps: 48
Target Score: 1.0610465116279069
No-Target Score: 87.12984496124031
##################################################
 Iter: 100 | LR: 0.00784 | Eps: 64
Target Score: 1.0711538461538461
No-Target Score: 87.20384615384616
##################################################
 Iter: 100 | LR: 0.00784 | Eps: 80
Target Score: 1.0801526717557253
No-Target Score: 87.28530534351145
##################################################
 Iter: 100 | LR: 0.00784 | Eps: 96
Target Score: 1.0861742424242424
No-Target Score: 87.37310606060606
##################################################
 Iter: 100 | LR: 0.00784 | Eps: 112
Target Score: 1.0902255639097744
No-Target Score: 87.46052631578948
##################################################
 Iter: 100 | LR: 0.01961 | Eps: 16
Target Score: 1.082089552238806
No-Target Score: 87.47667910447761
##################################################
 Iter: 100 | LR: 0.01961 | Eps: 32
Target Score: 1.0842592592592593
No-Target Score: 87.52129629629628
##################################################
 Iter: 100 | LR: 0.01961 | Eps: 48
Target Score: 1.088235294117647
No-Target Score: 87.58823529411764
##################################################
 Iter: 100 | LR: 0.01961 | Eps: 64
Target Score: 1.093978102189781
No-Target Score: 87.66879562043796
##################################################
 Iter: 100 | LR: 0.01961 | Eps: 80
Target Score: 1.0923913043478262
No-Target Score: 87.74909420289855
##################################################
 Iter: 100 | LR: 0.01961 | Eps: 96
Target Score: 1.091726618705036
No-Target Score: 87.83093525179856
##################################################
 Iter: 100 | LR: 0.01961 | Eps: 112
Target Score: 1.0910714285714285
No-Target Score: 87.91339285714285
##################################################
 Iter: 100 | LR: 0.03922 | Eps: 16
Target Score: 1.0868794326241134
No-Target Score: 87.92198581560284
##################################################
 Iter: 100 | LR: 0.03922 | Eps: 32
Target Score: 1.0897887323943662
No-Target Score: 87.97535211267605
##################################################
 Iter: 100 | LR: 0.03922 | Eps: 48
Target Score: 1.090034965034965
No-Target Score: 88.04020979020979
##################################################
 Iter: 100 | LR: 0.03922 | Eps: 64
Target Score: 1.0920138888888888
No-Target Score: 88.11284722222223
##################################################
 Iter: 100 | LR: 0.03922 | Eps: 80
Target Score: 1.0922413793103447
No-Target Score: 88.19051724137931
##################################################
 Iter: 100 | LR: 0.03922 | Eps: 96
Target Score: 1.0941780821917808
No-Target Score: 88.26883561643835
##################################################
 Iter: 100 | LR: 0.03922 | Eps: 112
Target Score: 1.090986394557823
No-Target Score: 88.34693877551021
##################################################
 Iter: 100 | LR: 0.09804 | Eps: 16
Target Score: 1.0869932432432432
No-Target Score: 88.35726351351352
##################################################
 Iter: 100 | LR: 0.09804 | Eps: 32
Target Score: 1.0864093959731544
No-Target Score: 88.39848993288591
##################################################
 Iter: 100 | LR: 0.09804 | Eps: 48
Target Score: 1.09
No-Target Score: 88.45583333333333
##################################################
 Iter: 100 | LR: 0.09804 | Eps: 64
Target Score: 1.0885761589403975
No-Target Score: 88.52400662251657
##################################################
 Iter: 100 | LR: 0.09804 | Eps: 80
Target Score: 1.0879934210526316
No-Target Score: 88.59703947368422
##################################################
 Iter: 100 | LR: 0.09804 | Eps: 96
Target Score: 1.0849673202614378
No-Target Score: 88.67075163398694
##################################################
 Iter: 100 | LR: 0.09804 | Eps: 112
Target Score: 1.0819805194805194
No-Target Score: 88.74269480519482
##################################################
 Iter: 100 | LR: 0.19608 | Eps: 16
Target Score: 1.0774193548387097
No-Target Score: 88.75241935483871
##################################################
 Iter: 100 | LR: 0.19608 | Eps: 32
Target Score: 1.0737179487179487
No-Target Score: 88.79326923076924
##################################################
 Iter: 100 | LR: 0.19608 | Eps: 48
Target Score: 1.071656050955414
No-Target Score: 88.85111464968153
##################################################
 Iter: 100 | LR: 0.19608 | Eps: 64
Target Score: 1.0712025316455698
No-Target Score: 88.91376582278481
##################################################
 Iter: 100 | LR: 0.19608 | Eps: 80
Target Score: 1.0668238993710693
No-Target Score: 88.97955974842768
##################################################
 Iter: 100 | LR: 0.19608 | Eps: 96
Target Score: 1.06171875
No-Target Score: 89.04765624999999
##################################################
 Iter: 100 | LR: 0.19608 | Eps: 112
Target Score: 1.0574534161490683
No-Target Score: 89.11413043478261
##################################################
 Iter: 100 | LR: 0.39216 | Eps: 16
Target Score: 1.0524691358024691
No-Target Score: 89.12422839506173
##################################################
 Iter: 100 | LR: 0.39216 | Eps: 32
Target Score: 1.0521472392638036
No-Target Score: 89.16027607361963
##################################################
 Iter: 100 | LR: 0.39216 | Eps: 48
Target Score: 1.0533536585365855
No-Target Score: 89.2157012195122
##################################################
 Iter: 100 | LR: 0.39216 | Eps: 64
Target Score: 1.0515151515151515
No-Target Score: 89.27575757575758
##################################################
 Iter: 100 | LR: 0.39216 | Eps: 80
Target Score: 1.0489457831325302
No-Target Score: 89.33734939759036
##################################################
 Iter: 100 | LR: 0.39216 | Eps: 96
Target Score: 1.0441616766467066
No-Target Score: 89.3997005988024
##################################################
 Iter: 100 | LR: 0.39216 | Eps: 112
Target Score: 1.0401785714285714
No-Target Score: 89.46205357142857
##################################################
 Iter: 500 | LR: 0.00784 | Eps: 16
Target Score: 1.0355029585798818
No-Target Score: 89.52218934911242
##################################################
 Iter: 500 | LR: 0.00784 | Eps: 32
Target Score: 1.0308823529411764
No-Target Score: 89.58235294117647
##################################################
 Iter: 500 | LR: 0.00784 | Eps: 48
Target Score: 1.027046783625731
No-Target Score: 89.64181286549707
##################################################
 Iter: 500 | LR: 0.00784 | Eps: 64
Target Score: 1.025436046511628
No-Target Score: 89.70058139534883
##################################################
 Iter: 500 | LR: 0.00784 | Eps: 80
Target Score: 1.0238439306358382
No-Target Score: 89.75650289017341
##################################################
 Iter: 500 | LR: 0.00784 | Eps: 96
Target Score: 1.0222701149425286
No-Target Score: 89.8125
##################################################
 Iter: 500 | LR: 0.00784 | Eps: 112
Target Score: 1.0214285714285714
No-Target Score: 89.86642857142857
##################################################
 Iter: 500 | LR: 0.01961 | Eps: 16
Target Score: 1.0170454545454546
No-Target Score: 89.921875
##################################################
 Iter: 500 | LR: 0.01961 | Eps: 32
Target Score: 1.0127118644067796
No-Target Score: 89.97669491525424
##################################################
 Iter: 500 | LR: 0.01961 | Eps: 48
Target Score: 1.009129213483146
No-Target Score: 90.03160112359551
##################################################
 Iter: 500 | LR: 0.01961 | Eps: 64
Target Score: 1.0048882681564246
No-Target Score: 90.08659217877096
##################################################
 Iter: 500 | LR: 0.01961 | Eps: 80
Target Score: 1.0020833333333332
No-Target Score: 90.14027777777778
##################################################
 Iter: 500 | LR: 0.01961 | Eps: 96
Target Score: 1.0
No-Target Score: 90.19406077348067
##################################################
 Iter: 500 | LR: 0.01961 | Eps: 112
Target Score: 0.9986263736263736
No-Target Score: 90.24587912087912
##################################################
 Iter: 500 | LR: 0.03922 | Eps: 16
Target Score: 0.994535519125683
No-Target Score: 90.29781420765028
##################################################
 Iter: 500 | LR: 0.03922 | Eps: 32
Target Score: 0.9918478260869565
No-Target Score: 90.34918478260869
##################################################
 Iter: 500 | LR: 0.03922 | Eps: 48
Target Score: 0.987837837837838
No-Target Score: 90.40067567567569
##################################################
 Iter: 500 | LR: 0.03922 | Eps: 64
Target Score: 0.9845430107526882
No-Target Score: 90.4502688172043
##################################################
 Iter: 500 | LR: 0.03922 | Eps: 80
Target Score: 0.981951871657754
No-Target Score: 90.49933155080214
##################################################
 Iter: 500 | LR: 0.03922 | Eps: 96
Target Score: 0.9800531914893617
No-Target Score: 90.54853723404256
##################################################
 Iter: 500 | LR: 0.03922 | Eps: 112
Target Score: 0.9768518518518519
No-Target Score: 90.59656084656085
##################################################
 Iter: 500 | LR: 0.09804 | Eps: 16
Target Score: 0.9730263157894736
No-Target Score: 90.64473684210526
##################################################
 Iter: 500 | LR: 0.09804 | Eps: 32
Target Score: 0.9698952879581151
No-Target Score: 90.69306282722513
##################################################
 Iter: 500 | LR: 0.09804 | Eps: 48
Target Score: 0.9661458333333333
No-Target Score: 90.74088541666666
##################################################
 Iter: 500 | LR: 0.09804 | Eps: 64
Target Score: 0.9624352331606217
No-Target Score: 90.78821243523316
##################################################
 Iter: 500 | LR: 0.09804 | Eps: 80
Target Score: 0.9594072164948453
No-Target Score: 90.83505154639175
##################################################
 Iter: 500 | LR: 0.09804 | Eps: 96
Target Score: 0.9557692307692307
No-Target Score: 90.88141025641025
##################################################
 Iter: 500 | LR: 0.09804 | Eps: 112
Target Score: 0.9528061224489796
No-Target Score: 90.9266581632653
##################################################
 Iter: 500 | LR: 0.19608 | Eps: 16
Target Score: 0.949238578680203
No-Target Score: 90.97144670050761
##################################################
 Iter: 500 | LR: 0.19608 | Eps: 32
Target Score: 0.9457070707070707
No-Target Score: 91.01641414141413
##################################################
 Iter: 500 | LR: 0.19608 | Eps: 48
Target Score: 0.9428391959798995
No-Target Score: 91.06030150753769
##################################################
 Iter: 500 | LR: 0.19608 | Eps: 64
Target Score: 0.939375
No-Target Score: 91.10374999999999
##################################################
 Iter: 500 | LR: 0.19608 | Eps: 80
Target Score: 0.9365671641791045
No-Target Score: 91.1473880597015
##################################################
 Iter: 500 | LR: 0.19608 | Eps: 96
Target Score: 0.9337871287128713
No-Target Score: 91.19059405940594
##################################################
 Iter: 500 | LR: 0.19608 | Eps: 112
Target Score: 0.9304187192118226
No-Target Score: 91.23399014778325
##################################################
 Iter: 500 | LR: 0.39216 | Eps: 16
Target Score: 0.9270833333333334
No-Target Score: 91.27573529411764
##################################################
 Iter: 500 | LR: 0.39216 | Eps: 32
Target Score: 0.924390243902439
No-Target Score: 91.31707317073172
##################################################
 Iter: 500 | LR: 0.39216 | Eps: 48
Target Score: 0.9217233009708737
No-Target Score: 91.35861650485437
##################################################
 Iter: 500 | LR: 0.39216 | Eps: 64
Target Score: 0.9190821256038647
No-Target Score: 91.40036231884058
##################################################
 Iter: 500 | LR: 0.39216 | Eps: 80
Target Score: 0.9164663461538461
No-Target Score: 91.44170673076924
##################################################
 Iter: 500 | LR: 0.39216 | Eps: 96
Target Score: 0.9138755980861245
No-Target Score: 91.48205741626795
##################################################
 Iter: 500 | LR: 0.39216 | Eps: 112
Target Score: 0.9107142857142857
No-Target Score: 91.52202380952382
##################################################
